<?xml version="1.0" encoding="UTF-8"?>
<!-- Generated by org.testng.reporters.JUnitReportReporter -->
<testsuite hostname="rihams-MBP" failures="0" tests="1" name="Musala_Careers.Musala_Careers_Test" time="49.500" errors="0" timestamp="2022-09-27T15:51:16 EET" skipped="0">
  <testcase classname="Musala_Careers.Musala_Careers_Test" name="testCareersPage" time="49.500"/>
  <system-out/>
</testsuite> <!-- Musala_Careers.Musala_Careers_Test -->
