<?xml version="1.0" encoding="UTF-8"?>
<!-- Generated by org.testng.reporters.JUnitReportReporter -->
<testsuite hostname="rihams-MBP" failures="0" tests="1" name="Musala_Company.Musala_Company_Test" time="8.457" errors="0" timestamp="2022-09-27T15:51:16 EET" skipped="0">
  <testcase classname="Musala_Company.Musala_Company_Test" name="testCompanyPage" time="8.457"/>
  <system-out/>
</testsuite> <!-- Musala_Company.Musala_Company_Test -->
