<?xml version="1.0" encoding="UTF-8"?>
<!-- Generated by org.testng.reporters.JUnitReportReporter -->
<testsuite hostname="rihams-MBP" failures="0" tests="1" name="Musala_ContactUs.Musala_ContactUs_Tests" time="10.803" errors="0" timestamp="2022-09-27T15:51:16 EET" skipped="0">
  <testcase classname="Musala_ContactUs.Musala_ContactUs_Tests" name="testWrongEmail" time="10.803"/>
  <system-out/>
</testsuite> <!-- Musala_ContactUs.Musala_ContactUs_Tests -->
